<?xml version="1.0" encoding="UTF-8"?>
<!-- Generated by org.testng.reporters.JUnitReportReporter -->
<testsuite hostname="DESKTOP-OMV2D25" failures="0" tests="1" name="Xshore.App" time="4.295" errors="0" timestamp="2022-11-10T10:00:40 IST" skipped="0">
  <testcase classname="Xshore.App" name="doLogin" time="4.295"/>
  <system-out/>
</testsuite> <!-- Xshore.App -->
