<?xml version="1.0" encoding="UTF-8"?>
<!-- Generated by org.testng.reporters.JUnitReportReporter -->
<testsuite hostname="DESKTOP-OMV2D25" failures="0" tests="4" name="Xshore.App" time="120.871" errors="0" timestamp="2022-12-27T16:03:49 IST" skipped="0">
  <testcase classname="Xshore.App" name="Openwebsite" time="2.167"/>
  <system-out/>
  <testcase classname="Xshore.App" name="eelex8000" time="41.168"/>
  <system-out/>
  <testcase classname="Xshore.App" name="SeaTrialandDesignOrder" time="54.308"/>
  <system-out/>
  <testcase classname="Xshore.App" name="Technology" time="23.228"/>
  <system-out/>
</testsuite> <!-- Xshore.App -->
