<?xml version="1.0" encoding="UTF-8"?>
<!-- Generated by org.testng.reporters.JUnitReportReporter -->
<testsuite hostname="DESKTOP-OMV2D25" failures="0" tests="1" name="Xshore1.AppTest" time="4.437" errors="0" timestamp="2022-11-10T10:44:22 IST" skipped="0">
  <testcase classname="Xshore1.AppTest" name="doLogin" time="4.437"/>
  <system-out/>
</testsuite> <!-- Xshore1.AppTest -->
